<?xml version="1.0" encoding="UTF-8"?>
<!-- Generated by org.testng.reporters.JUnitXMLReporter -->
<testsuite ignored="3" hostname="DESKTOP-FNFV15V" failures="0" tests="1" name="Test" time="0.277" errors="0" timestamp="2023-07-28T18:03:44 IST">
  <testcase classname="com.testngfeatures.IgnoreTest" name="f2" time="0.081"/>
  <testcase classname="com.testngfeatures.IgnoreTest" name="f4" time="0.0">
    <ignored/>
  </testcase> <!-- f4 -->
  <testcase classname="com.testngfeatures.IgnoreTest" name="f" time="0.0">
    <ignored/>
  </testcase> <!-- f -->
  <testcase classname="com.testngfeatures.IgnoreTest" name="f3" time="0.0">
    <ignored/>
  </testcase> <!-- f3 -->
</testsuite> <!-- Test -->
