<?xml version="1.0" encoding="UTF-8"?>
<testng-results ignored="0" total="1" passed="1" failed="0" skipped="0">
  <reporter-output>
  </reporter-output>
  <suite started-at="2023-07-31T18:33:47 IST" name="Default suite" finished-at="2023-07-31T18:33:47 IST" duration-ms="298">
    <groups>
    </groups>
    <test started-at="2023-07-31T18:33:47 IST" name="Default test" finished-at="2023-07-31T18:33:47 IST" duration-ms="298">
      <class name="com.testngfeatures.DependsOnMethodTest">
        <test-method signature="f3()[pri:0, instance:com.testngfeatures.DependsOnMethodTest@5a56cdac]" started-at="2023-07-31T18:33:47 IST" name="f3" finished-at="2023-07-31T18:33:47 IST" duration-ms="39" status="PASS">
          <reporter-output>
          </reporter-output>
        </test-method> <!-- f3 -->
      </class> <!-- com.testngfeatures.DependsOnMethodTest -->
    </test> <!-- Default test -->
  </suite> <!-- Default suite -->
</testng-results>
